[debug] [2023-11-24T20:13:21.778Z] ----------------------------------------------------------------------
[debug] [2023-11-24T20:13:21.779Z] Command:       /usr/bin/node /usr/bin/firebase init
[debug] [2023-11-24T20:13:21.780Z] CLI Version:   9.3.0
[debug] [2023-11-24T20:13:21.780Z] Platform:      linux
[debug] [2023-11-24T20:13:21.780Z] Node Version:  v20.5.1
[debug] [2023-11-24T20:13:21.780Z] Time:          Sat Nov 25 2023 01:43:21 GMT+0530 (India Standard Time)
[debug] [2023-11-24T20:13:21.780Z] ----------------------------------------------------------------------
[debug] [2023-11-24T20:13:21.780Z] 
[debug] [2023-11-24T20:13:21.783Z] > command requires scopes: ["email","openid","https://www.googleapis.com/auth/cloudplatformprojects.readonly","https://www.googleapis.com/auth/firebase","https://www.googleapis.com/auth/cloud-platform"]
[debug] [2023-11-24T20:13:21.783Z] > authorizing via signed-in user
[info] 
     ######## #### ########  ######## ########     ###     ######  ########
     ##        ##  ##     ## ##       ##     ##  ##   ##  ##       ##
     ######    ##  ########  ######   ########  #########  ######  ######
     ##        ##  ##    ##  ##       ##     ## ##     ##       ## ##
     ##       #### ##     ## ######## ########  ##     ##  ######  ########

You're about to initialize a Firebase project in this directory:

  /home/ribtas007/namastereact

[info] 
=== Project Setup
[info] 
[info] First, let's associate this project directory with a Firebase project.
[info] You can create multiple project aliases by running firebase use --add, 
[info] but for now we'll just set up a default project.
[info] 
[debug] [2023-11-24T20:14:01.357Z] > refreshing access token with scopes: []
[debug] [2023-11-24T20:14:01.358Z] >>> HTTP REQUEST POST https://www.googleapis.com/oauth2/v3/token  
 <request body omitted>
[debug] [2023-11-24T20:14:01.697Z] <<< HTTP RESPONSE 400 {"pragma":"no-cache","date":"Fri, 24 Nov 2023 20:14:01 GMT","expires":"Mon, 01 Jan 1990 00:00:00 GMT","cache-control":"no-cache, no-store, max-age=0, must-revalidate","content-type":"application/json; charset=utf-8","vary":"X-Origin, Referer, Origin,Accept-Encoding","server":"scaffolding on HTTPServer2","x-xss-protection":"0","x-frame-options":"SAMEORIGIN","x-content-type-options":"nosniff","alt-svc":"h3=\":443\"; ma=2592000,h3-29=\":443\"; ma=2592000","accept-ranges":"none","transfer-encoding":"chunked"}
[debug] [2023-11-24T20:14:01.701Z] >>> [apiv2][query] GET https://firebase.googleapis.com/v1beta1/projects pageSize=100
[debug] [2023-11-24T20:14:02.040Z] <<< [apiv2][status] GET https://firebase.googleapis.com/v1beta1/projects 401
[debug] [2023-11-24T20:14:02.040Z] <<< [apiv2][body] GET https://firebase.googleapis.com/v1beta1/projects [omitted]
[debug] [2023-11-24T20:14:02.041Z] HTTP Error: 401, Request had invalid authentication credentials. Expected OAuth 2 access token, login cookie or other valid authentication credential. See https://developers.google.com/identity/sign-in/web/devconsole-project.
[debug] [2023-11-24T20:14:02.344Z] FirebaseError: HTTP Error: 401, Request had invalid authentication credentials. Expected OAuth 2 access token, login cookie or other valid authentication credential. See https://developers.google.com/identity/sign-in/web/devconsole-project.
    at module.exports (/usr/lib/node_modules/firebase-tools/lib/responseToError.js:38:12)
    at Client.doRequest (/usr/lib/node_modules/firebase-tools/lib/apiv2.js:227:23)
    at process.processTicksAndRejections (node:internal/process/task_queues:95:5)
    at async Client.request (/usr/lib/node_modules/firebase-tools/lib/apiv2.js:93:20)
    at async getProjectPage (/usr/lib/node_modules/firebase-tools/lib/management/projects.js:232:17)
    at async getFirebaseProjectPage (/usr/lib/node_modules/firebase-tools/lib/management/projects.js:249:23)
    at async selectProjectInteractively (/usr/lib/node_modules/firebase-tools/lib/management/projects.js:95:41)
    at async Object.doSetup [as project] (/usr/lib/node_modules/firebase-tools/lib/init/features/project.js:87:27)
    at async init (/usr/lib/node_modules/firebase-tools/lib/init/index.js:19:9)
[error] 
[error] Error: Failed to list Firebase projects. See firebase-debug.log for more info.
[debug] [2023-11-24T20:14:24.675Z] ----------------------------------------------------------------------
[debug] [2023-11-24T20:14:24.677Z] Command:       /usr/bin/node /usr/bin/firebase init
[debug] [2023-11-24T20:14:24.677Z] CLI Version:   9.3.0
[debug] [2023-11-24T20:14:24.677Z] Platform:      linux
[debug] [2023-11-24T20:14:24.677Z] Node Version:  v20.5.1
[debug] [2023-11-24T20:14:24.678Z] Time:          Sat Nov 25 2023 01:44:24 GMT+0530 (India Standard Time)
[debug] [2023-11-24T20:14:24.678Z] ----------------------------------------------------------------------
[debug] [2023-11-24T20:14:24.678Z] 
[debug] [2023-11-24T20:14:24.680Z] > command requires scopes: ["email","openid","https://www.googleapis.com/auth/cloudplatformprojects.readonly","https://www.googleapis.com/auth/firebase","https://www.googleapis.com/auth/cloud-platform"]
[debug] [2023-11-24T20:14:24.681Z] > authorizing via signed-in user
[info] 
     ######## #### ########  ######## ########     ###     ######  ########
     ##        ##  ##     ## ##       ##     ##  ##   ##  ##       ##
     ######    ##  ########  ######   ########  #########  ######  ######
     ##        ##  ##    ##  ##       ##     ## ##     ##       ## ##
     ##       #### ##     ## ######## ########  ##     ##  ######  ########

You're about to initialize a Firebase project in this directory:

  /home/ribtas007/namastereact

[info] 
=== Project Setup
[info] 
[info] First, let's associate this project directory with a Firebase project.
[info] You can create multiple project aliases by running firebase use --add, 
[info] but for now we'll just set up a default project.
[info] 
[debug] [2023-11-24T20:14:40.848Z] > refreshing access token with scopes: []
[debug] [2023-11-24T20:14:40.849Z] >>> HTTP REQUEST POST https://www.googleapis.com/oauth2/v3/token  
 <request body omitted>
[debug] [2023-11-24T20:14:41.169Z] <<< HTTP RESPONSE 400 {"expires":"Mon, 01 Jan 1990 00:00:00 GMT","date":"Fri, 24 Nov 2023 20:14:41 GMT","pragma":"no-cache","cache-control":"no-cache, no-store, max-age=0, must-revalidate","content-type":"application/json; charset=utf-8","vary":"X-Origin, Referer, Origin,Accept-Encoding","server":"scaffolding on HTTPServer2","x-xss-protection":"0","x-frame-options":"SAMEORIGIN","x-content-type-options":"nosniff","alt-svc":"h3=\":443\"; ma=2592000,h3-29=\":443\"; ma=2592000","accept-ranges":"none","transfer-encoding":"chunked"}
[debug] [2023-11-24T20:14:41.171Z] >>> [apiv2][query] GET https://firebase.googleapis.com/v1beta1/projects pageSize=100
[debug] [2023-11-24T20:14:41.830Z] <<< [apiv2][status] GET https://firebase.googleapis.com/v1beta1/projects 401
[debug] [2023-11-24T20:14:41.830Z] <<< [apiv2][body] GET https://firebase.googleapis.com/v1beta1/projects [omitted]
[debug] [2023-11-24T20:14:41.831Z] HTTP Error: 401, Request had invalid authentication credentials. Expected OAuth 2 access token, login cookie or other valid authentication credential. See https://developers.google.com/identity/sign-in/web/devconsole-project.
[debug] [2023-11-24T20:14:42.157Z] FirebaseError: HTTP Error: 401, Request had invalid authentication credentials. Expected OAuth 2 access token, login cookie or other valid authentication credential. See https://developers.google.com/identity/sign-in/web/devconsole-project.
    at module.exports (/usr/lib/node_modules/firebase-tools/lib/responseToError.js:38:12)
    at Client.doRequest (/usr/lib/node_modules/firebase-tools/lib/apiv2.js:227:23)
    at process.processTicksAndRejections (node:internal/process/task_queues:95:5)
    at async Client.request (/usr/lib/node_modules/firebase-tools/lib/apiv2.js:93:20)
    at async getProjectPage (/usr/lib/node_modules/firebase-tools/lib/management/projects.js:232:17)
    at async getFirebaseProjectPage (/usr/lib/node_modules/firebase-tools/lib/management/projects.js:249:23)
    at async selectProjectInteractively (/usr/lib/node_modules/firebase-tools/lib/management/projects.js:95:41)
    at async Object.doSetup [as project] (/usr/lib/node_modules/firebase-tools/lib/init/features/project.js:87:27)
    at async init (/usr/lib/node_modules/firebase-tools/lib/init/index.js:19:9)
[error] 
[error] Error: Failed to list Firebase projects. See firebase-debug.log for more info.
